<?xml version="1.0" encoding="UTF-8"?>
<testng-results ignored="0" total="2" passed="2" failed="0" skipped="0">
  <reporter-output>
  </reporter-output>
  <suite started-at="2022-03-20T23:57:16 IST" name="Default suite" finished-at="2022-03-20T23:57:29 IST" duration-ms="12523">
    <groups>
    </groups>
    <test started-at="2022-03-20T23:57:16 IST" name="Default test" finished-at="2022-03-20T23:57:29 IST" duration-ms="12523">
      <class name="practicehome.DataProvider">
        <test-method signature="login(java.lang.String,java.lang.String)[pri:0, instance:practicehome.DataProvider@1700915]" started-at="2022-03-20T23:57:16 IST" name="login" data-provider="multiplecreditanials" finished-at="2022-03-20T23:57:22 IST" duration-ms="6117" status="PASS">
          <params>
            <param index="0">
              <value>
                <![CDATA[username]]>
              </value>
            </param>
            <param index="1">
              <value>
                <![CDATA[passowrd]]>
              </value>
            </param>
          </params>
          <reporter-output>
          </reporter-output>
        </test-method> <!-- login -->
        <test-method signature="login(java.lang.String,java.lang.String)[pri:0, instance:practicehome.DataProvider@1700915]" started-at="2022-03-20T23:57:22 IST" name="login" data-provider="multiplecreditanials" finished-at="2022-03-20T23:57:29 IST" duration-ms="6343" status="PASS">
          <params>
            <param index="0">
              <value>
                <![CDATA[aman]]>
              </value>
            </param>
            <param index="1">
              <value>
                <![CDATA[jha]]>
              </value>
            </param>
          </params>
          <reporter-output>
          </reporter-output>
        </test-method> <!-- login -->
      </class> <!-- practicehome.DataProvider -->
    </test> <!-- Default test -->
  </suite> <!-- Default suite -->
</testng-results>
