<?xml version="1.0" encoding="UTF-8"?>
<!-- Generated by org.testng.reporters.JUnitXMLReporter -->
<testsuite ignored="4" hostname="DESKTOP-6BBJDTF" failures="0" tests="3" name="Test2" time="105.596" errors="0" timestamp="2022-03-17T09:48:55 IST">
  <testcase classname="com.crm.autodesk.OrganisationTest.CreateCompaignTest" name="createCompaignTest" time="26.852"/>
  <testcase classname="com.crm.autodesk.OrganisationTest.CreateCompaignTest" name="regionalRegressionTesting" time="0.001"/>
  <testcase classname="com.crm.autodesk.OrganisationTest.CreateContactWithMandatoryFields" name="createContactWithMandatoryFields" time="13.405"/>
  <testcase classname="com.vitiger.comcast.generalUtility.BaseClass" name="@AfterTest at" time="0.0">
    <ignored/>
  </testcase> <!-- @AfterTest at -->
  <testcase classname="com.vitiger.comcast.generalUtility.BaseClass" name="@BeforeSuite bs" time="0.0">
    <ignored/>
  </testcase> <!-- @BeforeSuite bs -->
  <testcase classname="com.vitiger.comcast.generalUtility.BaseClass" name="@BeforeTest bt" time="0.0">
    <ignored/>
  </testcase> <!-- @BeforeTest bt -->
  <testcase classname="com.vitiger.comcast.generalUtility.BaseClass" name="@AfterSuite as" time="0.0">
    <ignored/>
  </testcase> <!-- @AfterSuite as -->
</testsuite> <!-- Test2 -->
