<?xml version="1.0" encoding="UTF-8"?>
<!-- Generated by org.testng.reporters.JUnitXMLReporter -->
<testsuite ignored="1" hostname="DESKTOP-6BBJDTF" failures="0" tests="12" name="Test" time="154.014" errors="0" timestamp="2022-02-23T11:06:41 IST">
  <testcase classname="testng.Test0" name="demo" time="0.01"/>
  <testcase classname="testng.Test2" name="demo" time="0.001"/>
  <testcase classname="testng.Test2" name="demo" time="0.001"/>
  <testcase classname="testng.Test2" name="demo" time="0.001"/>
  <testcase classname="testng.Test2" name="demo" time="0.001"/>
  <testcase classname="testng.Test2" name="demo" time="0.002"/>
  <testcase classname="testng.Test1" name="chats" time="0.0"/>
  <testcase classname="testng.Test1" name="calls" time="0.001"/>
  <testcase classname="testng.Test1" name="calls" time="0.001"/>
  <testcase classname="testng.Test1" name="calls" time="0.002"/>
  <testcase classname="testng.Test4" name="tc3" time="91.247"/>
  <testcase classname="testng.Test3" name="tc1" time="17.827"/>
  <testcase classname="testng.Test1" name="status" time="0.0">
    <ignored/>
  </testcase> <!-- status -->
</testsuite> <!-- Test -->
