<?xml version="1.0" encoding="UTF-8"?>
<testng-results ignored="0" total="2" passed="2" failed="0" skipped="0">
  <reporter-output>
  </reporter-output>
  <suite started-at="2022-03-16T15:07:50 IST" name="Suite" finished-at="2022-03-16T15:08:37 IST" duration-ms="47198">
    <groups>
    </groups>
    <test started-at="2022-03-16T15:07:50 IST" name="Test1" finished-at="2022-03-16T15:08:09 IST" duration-ms="19794">
      <class name="testng.Test6">
        <test-method is-config="true" signature="setup(java.lang.String)[pri:0, instance:testng.Test6@1b7cc17c]" started-at="2022-03-16T15:07:50 IST" name="setup" finished-at="2022-03-16T15:07:56 IST" duration-ms="5827" status="PASS">
          <params>
            <param index="0">
              <value>
                <![CDATA[chrome]]>
              </value>
            </param>
          </params>
          <reporter-output>
          </reporter-output>
        </test-method> <!-- setup -->
        <test-method signature="test1()[pri:0, instance:testng.Test6@1b7cc17c]" started-at="2022-03-16T15:07:56 IST" name="test1" finished-at="2022-03-16T15:08:09 IST" duration-ms="13620" status="PASS">
          <reporter-output>
          </reporter-output>
        </test-method> <!-- test1 -->
        <test-method is-config="true" signature="close()[pri:0, instance:testng.Test6@1b7cc17c]" started-at="2022-03-16T15:08:09 IST" name="close" finished-at="2022-03-16T15:08:09 IST" duration-ms="293" status="PASS">
          <reporter-output>
          </reporter-output>
        </test-method> <!-- close -->
      </class> <!-- testng.Test6 -->
    </test> <!-- Test1 -->
    <test started-at="2022-03-16T15:07:50 IST" name="Test2" finished-at="2022-03-16T15:08:37 IST" duration-ms="47198">
      <class name="testng.Test6">
        <test-method is-config="true" signature="setup(java.lang.String)[pri:0, instance:testng.Test6@3590fc5b]" started-at="2022-03-16T15:07:50 IST" name="setup" finished-at="2022-03-16T15:08:21 IST" duration-ms="31504" status="PASS">
          <params>
            <param index="0">
              <value>
                <![CDATA[firefox]]>
              </value>
            </param>
          </params>
          <reporter-output>
          </reporter-output>
        </test-method> <!-- setup -->
        <test-method signature="test1()[pri:0, instance:testng.Test6@3590fc5b]" started-at="2022-03-16T15:08:21 IST" name="test1" finished-at="2022-03-16T15:08:37 IST" duration-ms="15655" status="PASS">
          <reporter-output>
          </reporter-output>
        </test-method> <!-- test1 -->
        <test-method is-config="true" signature="close()[pri:0, instance:testng.Test6@3590fc5b]" started-at="2022-03-16T15:08:37 IST" name="close" finished-at="2022-03-16T15:08:37 IST" duration-ms="16" status="FAIL">
          <exception class="org.openqa.selenium.remote.http.ConnectionFailedException">
            <message>
              <![CDATA[Unable to establish websocket connection to http://localhost:50675/devtools/browser/02cb4ebf-d760-4a93-8da7-854606b7d7bd
Build info: version: '4.1.2', revision: '9a5a329c5a'
System info: host: 'DESKTOP-6BBJDTF', ip: '192.168.43.206', os.name: 'Windows 10', os.arch: 'amd64', os.version: '10.0', java.version: '17.0.2'
Driver info: driver.version: RemoteWebDriver]]>
            </message>
            <full-stacktrace>
              <![CDATA[org.openqa.selenium.remote.http.ConnectionFailedException: Unable to establish websocket connection to http://localhost:50675/devtools/browser/02cb4ebf-d760-4a93-8da7-854606b7d7bd
Build info: version: '4.1.2', revision: '9a5a329c5a'
System info: host: 'DESKTOP-6BBJDTF', ip: '192.168.43.206', os.name: 'Windows 10', os.arch: 'amd64', os.version: '10.0', java.version: '17.0.2'
Driver info: driver.version: RemoteWebDriver
at org.openqa.selenium.remote.http.netty.NettyWebSocket.<init>(NettyWebSocket.java:104)
at org.openqa.selenium.remote.http.netty.NettyWebSocket.lambda$create$3(NettyWebSocket.java:137)
at org.openqa.selenium.remote.http.netty.NettyClient.openSocket(NettyClient.java:118)
at org.openqa.selenium.devtools.Connection.<init>(Connection.java:77)
at org.openqa.selenium.firefox.FirefoxDriver.maybeGetDevTools(FirefoxDriver.java:310)
at org.openqa.selenium.remote.RemoteWebDriver.close(RemoteWebDriver.java:440)
at testng.Test6.close(Test6.java:41)
at java.base/jdk.internal.reflect.NativeMethodAccessorImpl.invoke0(Native Method)
at java.base/jdk.internal.reflect.NativeMethodAccessorImpl.invoke(NativeMethodAccessorImpl.java:77)
at java.base/jdk.internal.reflect.DelegatingMethodAccessorImpl.invoke(DelegatingMethodAccessorImpl.java:43)
at java.base/java.lang.reflect.Method.invoke(Method.java:568)
at org.testng.internal.MethodInvocationHelper.invokeMethod(MethodInvocationHelper.java:133)
at org.testng.internal.MethodInvocationHelper.invokeMethodConsideringTimeout(MethodInvocationHelper.java:62)
at org.testng.internal.ConfigInvoker.invokeConfigurationMethod(ConfigInvoker.java:385)
at org.testng.internal.ConfigInvoker.invokeConfigurations(ConfigInvoker.java:321)
at org.testng.TestRunner.invokeTestConfigurations(TestRunner.java:637)
at org.testng.TestRunner.afterRun(TestRunner.java:877)
at org.testng.TestRunner.run(TestRunner.java:599)
at org.testng.SuiteRunner.runTest(SuiteRunner.java:377)
at org.testng.SuiteRunner.access$000(SuiteRunner.java:28)
at org.testng.SuiteRunner$SuiteWorker.run(SuiteRunner.java:418)
at org.testng.internal.thread.ThreadUtil.lambda$execute$0(ThreadUtil.java:64)
at java.base/java.util.concurrent.FutureTask.run(FutureTask.java:264)
at java.base/java.util.concurrent.ThreadPoolExecutor.runWorker(ThreadPoolExecutor.java:1136)
at java.base/java.util.concurrent.ThreadPoolExecutor$Worker.run(ThreadPoolExecutor.java:635)
at java.base/java.lang.Thread.run(Thread.java:833)
]]>
            </full-stacktrace>
          </exception> <!-- org.openqa.selenium.remote.http.ConnectionFailedException -->
          <reporter-output>
          </reporter-output>
        </test-method> <!-- close -->
      </class> <!-- testng.Test6 -->
    </test> <!-- Test2 -->
  </suite> <!-- Suite -->
</testng-results>
